<?xml version="1.0" encoding="UTF-8" ?>
<testsuite tests="3" failures="2" name="TestSuite" time="40.902" errors="0" skipped="0">
  <properties>
[...]
</properties>
  <testcase classname="FirstScenarioTest" name="microsoftSearchBarFunctionalityTest" time="23.608">
    <failure message="The SearchBar did not contain expected value expected [true] but found [false]" type="java.lang.AssertionError">java.lang.AssertionError: The SearchBar did not contain expected value expected [true] but found [false]
	at org.testng.Assert.fail(Assert.java:96)
	at org.testng.Assert.failNotEquals(Assert.java:776)
	at org.testng.Assert.assertTrue(Assert.java:44)
	at FirstScenarioTest.searchInMicrosoftAndVerifyResults(FirstScenarioTest.java:62)
	at FirstScenarioTest.microsoftSearchBarFunctionalityTest(FirstScenarioTest.java:26)
</failure>
    <system-out>Configuring TestNG with: org.apache.maven.surefire.testng.conf.TestNG652Configurator@19e1023e
The Microsoft Search bar was not found
</system-out>
    <system-err>SLF4J: Failed to load class &quot;org.slf4j.impl.StaticLoggerBinder&quot;.
SLF4J: Defaulting to no-operation (NOP) logger implementation
SLF4J: See http://www.slf4j.org/codes.html#StaticLoggerBinder for further details.
1554806139409	mozrunner::runner	INFO	Running command: &quot;C:\\Program Files (x86)\\Mozilla Firefox\\firefox.exe&quot; &quot;-marionette&quot; &quot;-foreground&quot; &quot;-no-remote&quot; &quot;-profile&quot; &quot;C:\\Users\\212617~1\\AppData\\Local\\Temp\\rust_mozprofile.YVRpbu8qAKQp&quot;
1554806143755	Marionette	INFO	Listening on port 60709
1554806143889	Marionette	WARN	TLS certificate errors will be ignored for this session
Apr 09, 2019 12:35:44 PM org.openqa.selenium.remote.ProtocolHandshake createSession
INFO: Detected dialect: W3C
</system-err>
  </testcase>
  <testcase classname="FirstScenarioTest" name="microsoftSearchBarVisibilityTest" time="3.629">
    <failure message="The results were not found expected [true] but found [false]" type="java.lang.AssertionError">java.lang.AssertionError: The results were not found expected [true] but found [false]
	at org.testng.Assert.fail(Assert.java:96)
	at org.testng.Assert.failNotEquals(Assert.java:776)
	at org.testng.Assert.assertTrue(Assert.java:44)
	at FirstScenarioTest.verifyIfResultFound(FirstScenarioTest.java:40)
	at FirstScenarioTest.microsoftSearchBarVisibilityTest(FirstScenarioTest.java:17)
</failure>
  </testcase>
  <testcase classname="SecondScenarioTest" name="verifyIfInstructorHaveTraining" time="13.665"/>
</testsuite>